Configuration file: /Users/wangpengcheng/temp/my_jekyll_site/_config.yml
            Source: /Users/wangpengcheng/temp/my_jekyll_site
       Destination: /Users/wangpengcheng/temp/my_jekyll_site/_site
 Incremental build: disabled. Enable with --incremental
      Generating... 
[33m          Defaults: An invalid front-matter default set was found:[0m
[33m{"scope"=>{"path"=>"", "type"=>"posts", "values"=>{"layout"=>"post"}}} [0m
[33m          Defaults: An invalid front-matter default set was found:[0m
[33m{"scope"=>{"path"=>"", "type"=>"posts", "values"=>{"layout"=>"post"}}} [0m
[33m          Defaults: An invalid front-matter default set was found:[0m
[33m{"scope"=>{"path"=>"", "type"=>"posts", "values"=>{"layout"=>"post"}}} [0m
[33m          Defaults: An invalid front-matter default set was found:[0m
[33m{"scope"=>{"path"=>"", "type"=>"posts", "values"=>{"layout"=>"post"}}} [0m
[33m          Defaults: An invalid front-matter default set was found:[0m
[33m{"scope"=>{"path"=>"", "type"=>"posts", "values"=>{"layout"=>"post"}}} [0m
[33m          Defaults: An invalid front-matter default set was found:[0m
[33m{"scope"=>{"path"=>"", "type"=>"posts", "values"=>{"layout"=>"post"}}} [0m
[33m          Defaults: An invalid front-matter default set was found:[0m
[33m{"scope"=>{"path"=>"", "type"=>"posts", "values"=>{"layout"=>"post"}}} [0m
[33m          Defaults: An invalid front-matter default set was found:[0m
[33m{"scope"=>{"path"=>"", "type"=>"posts", "values"=>{"layout"=>"post"}}} [0m
[33m          Defaults: An invalid front-matter default set was found:[0m
[33m{"scope"=>{"path"=>"", "type"=>"posts", "values"=>{"layout"=>"post"}}} [0m
[33m          Defaults: An invalid front-matter default set was found:[0m
[33m{"scope"=>{"path"=>"", "type"=>"posts", "values"=>{"layout"=>"post"}}} [0m
[33m          Defaults: An invalid front-matter default set was found:[0m
[33m{"scope"=>{"path"=>"", "type"=>"posts", "values"=>{"layout"=>"post"}}} [0m
[33m          Defaults: An invalid front-matter default set was found:[0m
[33m{"scope"=>{"path"=>"", "type"=>"posts", "values"=>{"layout"=>"post"}}} [0m
[33m          Defaults: An invalid front-matter default set was found:[0m
[33m{"scope"=>{"path"=>"", "type"=>"posts", "values"=>{"layout"=>"post"}}} [0m
[33m          Defaults: An invalid front-matter default set was found:[0m
[33m{"scope"=>{"path"=>"", "type"=>"posts", "values"=>{"layout"=>"post"}}} [0m
[33m          Defaults: An invalid front-matter default set was found:[0m
[33m{"scope"=>{"path"=>"", "type"=>"posts", "values"=>{"layout"=>"post"}}} [0m
[33m          Defaults: An invalid front-matter default set was found:[0m
[33m{"scope"=>{"path"=>"", "type"=>"posts", "values"=>{"layout"=>"post"}}} [0m
[33m          Defaults: An invalid front-matter default set was found:[0m
[33m{"scope"=>{"path"=>"", "type"=>"posts", "values"=>{"layout"=>"post"}}} [0m
[33m          Defaults: An invalid front-matter default set was found:[0m
[33m{"scope"=>{"path"=>"", "type"=>"posts", "values"=>{"layout"=>"post"}}} [0m
[33m          Defaults: An invalid front-matter default set was found:[0m
[33m{"scope"=>{"path"=>"", "type"=>"posts", "values"=>{"layout"=>"post"}}} [0m
[33m          Defaults: An invalid front-matter default set was found:[0m
[33m{"scope"=>{"path"=>"", "type"=>"posts", "values"=>{"layout"=>"post"}}} [0m
[33m          Defaults: An invalid front-matter default set was found:[0m
[33m{"scope"=>{"path"=>"", "type"=>"posts", "values"=>{"layout"=>"post"}}} [0m
[33m          Defaults: An invalid front-matter default set was found:[0m
[33m{"scope"=>{"path"=>"", "type"=>"posts", "values"=>{"layout"=>"post"}}} [0m
[33m          Defaults: An invalid front-matter default set was found:[0m
[33m{"scope"=>{"path"=>"", "type"=>"posts", "values"=>{"layout"=>"post"}}} [0m
[33m          Defaults: An invalid front-matter default set was found:[0m
[33m{"scope"=>{"path"=>"", "type"=>"posts", "values"=>{"layout"=>"post"}}} [0m
[33m          Defaults: An invalid front-matter default set was found:[0m
[33m{"scope"=>{"path"=>"", "type"=>"posts", "values"=>{"layout"=>"post"}}} [0m
[33m          Defaults: An invalid front-matter default set was found:[0m
[33m{"scope"=>{"path"=>"", "type"=>"posts", "values"=>{"layout"=>"post"}}} [0m
[33m          Defaults: An invalid front-matter default set was found:[0m
[33m{"scope"=>{"path"=>"", "type"=>"posts", "values"=>{"layout"=>"post"}}} [0m
[33m          Defaults: An invalid front-matter default set was found:[0m
[33m{"scope"=>{"path"=>"", "type"=>"posts", "values"=>{"layout"=>"post"}}} [0m
[33m          Defaults: An invalid front-matter default set was found:[0m
[33m{"scope"=>{"path"=>"", "type"=>"posts", "values"=>{"layout"=>"post"}}} [0m
[33m          Defaults: An invalid front-matter default set was found:[0m
[33m{"scope"=>{"path"=>"", "type"=>"posts", "values"=>{"layout"=>"post"}}} [0m
[33m          Defaults: An invalid front-matter default set was found:[0m
[33m{"scope"=>{"path"=>"", "type"=>"posts", "values"=>{"layout"=>"post"}}} [0m
[33m          Defaults: An invalid front-matter default set was found:[0m
[33m{"scope"=>{"path"=>"", "type"=>"posts", "values"=>{"layout"=>"post"}}} [0m
[33m          Defaults: An invalid front-matter default set was found:[0m
[33m{"scope"=>{"path"=>"", "type"=>"posts", "values"=>{"layout"=>"post"}}} [0m
[33m          Defaults: An invalid front-matter default set was found:[0m
[33m{"scope"=>{"path"=>"", "type"=>"posts", "values"=>{"layout"=>"post"}}} [0m
[33m          Defaults: An invalid front-matter default set was found:[0m
[33m{"scope"=>{"path"=>"", "type"=>"posts", "values"=>{"layout"=>"post"}}} [0m
[33m          Defaults: An invalid front-matter default set was found:[0m
[33m{"scope"=>{"path"=>"", "type"=>"posts", "values"=>{"layout"=>"post"}}} [0m
[33m          Defaults: An invalid front-matter default set was found:[0m
[33m{"scope"=>{"path"=>"", "type"=>"posts", "values"=>{"layout"=>"post"}}} [0m
[33m          Defaults: An invalid front-matter default set was found:[0m
[33m{"scope"=>{"path"=>"", "type"=>"posts", "values"=>{"layout"=>"post"}}} [0m
[33m          Defaults: An invalid front-matter default set was found:[0m
[33m{"scope"=>{"path"=>"", "type"=>"posts", "values"=>{"layout"=>"post"}}} [0m
[33m          Defaults: An invalid front-matter default set was found:[0m
[33m{"scope"=>{"path"=>"", "type"=>"posts", "values"=>{"layout"=>"post"}}} [0m
[33m          Defaults: An invalid front-matter default set was found:[0m
[33m{"scope"=>{"path"=>"", "type"=>"posts", "values"=>{"layout"=>"post"}}} [0m
[33m          Defaults: An invalid front-matter default set was found:[0m
[33m{"scope"=>{"path"=>"", "type"=>"posts", "values"=>{"layout"=>"post"}}} [0m
[33m          Defaults: An invalid front-matter default set was found:[0m
[33m{"scope"=>{"path"=>"", "type"=>"posts", "values"=>{"layout"=>"post"}}} [0m
[33m          Defaults: An invalid front-matter default set was found:[0m
[33m{"scope"=>{"path"=>"", "type"=>"posts", "values"=>{"layout"=>"post"}}} [0m
[33m          Defaults: An invalid front-matter default set was found:[0m
[33m{"scope"=>{"path"=>"", "type"=>"posts", "values"=>{"layout"=>"post"}}} [0m
[33m          Defaults: An invalid front-matter default set was found:[0m
[33m{"scope"=>{"path"=>"", "type"=>"posts", "values"=>{"layout"=>"post"}}} [0m
[33m          Defaults: An invalid front-matter default set was found:[0m
[33m{"scope"=>{"path"=>"", "type"=>"posts", "values"=>{"layout"=>"post"}}} [0m
[33m          Defaults: An invalid front-matter default set was found:[0m
[33m{"scope"=>{"path"=>"", "type"=>"posts", "values"=>{"layout"=>"post"}}} [0m
[33m          Defaults: An invalid front-matter default set was found:[0m
[33m{"scope"=>{"path"=>"", "type"=>"posts", "values"=>{"layout"=>"post"}}} [0m
[33m          Defaults: An invalid front-matter default set was found:[0m
[33m{"scope"=>{"path"=>"", "type"=>"posts", "values"=>{"layout"=>"post"}}} [0m
[33m          Defaults: An invalid front-matter default set was found:[0m
[33m{"scope"=>{"path"=>"", "type"=>"posts", "values"=>{"layout"=>"post"}}} [0m
[33m          Defaults: An invalid front-matter default set was found:[0m
[33m{"scope"=>{"path"=>"", "type"=>"posts", "values"=>{"layout"=>"post"}}} [0m
[33m          Defaults: An invalid front-matter default set was found:[0m
[33m{"scope"=>{"path"=>"", "type"=>"posts", "values"=>{"layout"=>"post"}}} [0m
[33m          Defaults: An invalid front-matter default set was found:[0m
[33m{"scope"=>{"path"=>"", "type"=>"posts", "values"=>{"layout"=>"post"}}} [0m
[33m          Defaults: An invalid front-matter default set was found:[0m
[33m{"scope"=>{"path"=>"", "type"=>"posts", "values"=>{"layout"=>"post"}}} [0m
[33m          Defaults: An invalid front-matter default set was found:[0m
[33m{"scope"=>{"path"=>"", "type"=>"posts", "values"=>{"layout"=>"post"}}} [0m
[33m          Defaults: An invalid front-matter default set was found:[0m
[33m{"scope"=>{"path"=>"", "type"=>"posts", "values"=>{"layout"=>"post"}}} [0m
[33m          Defaults: An invalid front-matter default set was found:[0m
[33m{"scope"=>{"path"=>"", "type"=>"posts", "values"=>{"layout"=>"post"}}} [0m
[33m          Defaults: An invalid front-matter default set was found:[0m
[33m{"scope"=>{"path"=>"", "type"=>"posts", "values"=>{"layout"=>"post"}}} [0m
[33m          Defaults: An invalid front-matter default set was found:[0m
[33m{"scope"=>{"path"=>"", "type"=>"posts", "values"=>{"layout"=>"post"}}} [0m
[33m          Defaults: An invalid front-matter default set was found:[0m
[33m{"scope"=>{"path"=>"", "type"=>"posts", "values"=>{"layout"=>"post"}}} [0m
[33m          Defaults: An invalid front-matter default set was found:[0m
[33m{"scope"=>{"path"=>"", "type"=>"posts", "values"=>{"layout"=>"post"}}} [0m
[33m          Defaults: An invalid front-matter default set was found:[0m
[33m{"scope"=>{"path"=>"", "type"=>"posts", "values"=>{"layout"=>"post"}}} [0m
[33m          Defaults: An invalid front-matter default set was found:[0m
[33m{"scope"=>{"path"=>"", "type"=>"posts", "values"=>{"layout"=>"post"}}} [0m
[33m          Defaults: An invalid front-matter default set was found:[0m
[33m{"scope"=>{"path"=>"", "type"=>"posts", "values"=>{"layout"=>"post"}}} [0m
[33m          Defaults: An invalid front-matter default set was found:[0m
[33m{"scope"=>{"path"=>"", "type"=>"posts", "values"=>{"layout"=>"post"}}} [0m
[33m          Defaults: An invalid front-matter default set was found:[0m
[33m{"scope"=>{"path"=>"", "type"=>"posts", "values"=>{"layout"=>"post"}}} [0m
[33m          Defaults: An invalid front-matter default set was found:[0m
[33m{"scope"=>{"path"=>"", "type"=>"posts", "values"=>{"layout"=>"post"}}} [0m
[33m          Defaults: An invalid front-matter default set was found:[0m
[33m{"scope"=>{"path"=>"", "type"=>"posts", "values"=>{"layout"=>"post"}}} [0m
[33m          Defaults: An invalid front-matter default set was found:[0m
[33m{"scope"=>{"path"=>"", "type"=>"posts", "values"=>{"layout"=>"post"}}} [0m
[33m          Defaults: An invalid front-matter default set was found:[0m
[33m{"scope"=>{"path"=>"", "type"=>"posts", "values"=>{"layout"=>"post"}}} [0m
[33m          Defaults: An invalid front-matter default set was found:[0m
[33m{"scope"=>{"path"=>"", "type"=>"posts", "values"=>{"layout"=>"post"}}} [0m
[33m          Defaults: An invalid front-matter default set was found:[0m
[33m{"scope"=>{"path"=>"", "type"=>"posts", "values"=>{"layout"=>"post"}}} [0m
[33m          Defaults: An invalid front-matter default set was found:[0m
[33m{"scope"=>{"path"=>"", "type"=>"posts", "values"=>{"layout"=>"post"}}} [0m
[33m          Defaults: An invalid front-matter default set was found:[0m
[33m{"scope"=>{"path"=>"", "type"=>"posts", "values"=>{"layout"=>"post"}}} [0m
[33m          Defaults: An invalid front-matter default set was found:[0m
[33m{"scope"=>{"path"=>"", "type"=>"posts", "values"=>{"layout"=>"post"}}} [0m
[33m          Defaults: An invalid front-matter default set was found:[0m
[33m{"scope"=>{"path"=>"", "type"=>"posts", "values"=>{"layout"=>"post"}}} [0m
[33m          Defaults: An invalid front-matter default set was found:[0m
[33m{"scope"=>{"path"=>"", "type"=>"posts", "values"=>{"layout"=>"post"}}} [0m
[33m          Defaults: An invalid front-matter default set was found:[0m
[33m{"scope"=>{"path"=>"", "type"=>"posts", "values"=>{"layout"=>"post"}}} [0m
[33m          Defaults: An invalid front-matter default set was found:[0m
[33m{"scope"=>{"path"=>"", "type"=>"posts", "values"=>{"layout"=>"post"}}} [0m
[33m          Defaults: An invalid front-matter default set was found:[0m
[33m{"scope"=>{"path"=>"", "type"=>"posts", "values"=>{"layout"=>"post"}}} [0m
[33m          Defaults: An invalid front-matter default set was found:[0m
[33m{"scope"=>{"path"=>"", "type"=>"posts", "values"=>{"layout"=>"post"}}} [0m
[33m          Defaults: An invalid front-matter default set was found:[0m
[33m{"scope"=>{"path"=>"", "type"=>"posts", "values"=>{"layout"=>"post"}}} [0m
[33m          Defaults: An invalid front-matter default set was found:[0m
[33m{"scope"=>{"path"=>"", "type"=>"posts", "values"=>{"layout"=>"post"}}} [0m
[33m          Defaults: An invalid front-matter default set was found:[0m
[33m{"scope"=>{"path"=>"", "type"=>"posts", "values"=>{"layout"=>"post"}}} [0m
[33m          Defaults: An invalid front-matter default set was found:[0m
[33m{"scope"=>{"path"=>"", "type"=>"posts", "values"=>{"layout"=>"post"}}} [0m
[33m          Defaults: An invalid front-matter default set was found:[0m
[33m{"scope"=>{"path"=>"", "type"=>"posts", "values"=>{"layout"=>"post"}}} [0m
[33m          Defaults: An invalid front-matter default set was found:[0m
[33m{"scope"=>{"path"=>"", "type"=>"posts", "values"=>{"layout"=>"post"}}} [0m
[33m          Defaults: An invalid front-matter default set was found:[0m
[33m{"scope"=>{"path"=>"", "type"=>"posts", "values"=>{"layout"=>"post"}}} [0m
[33m          Defaults: An invalid front-matter default set was found:[0m
[33m{"scope"=>{"path"=>"", "type"=>"posts", "values"=>{"layout"=>"post"}}} [0m
[33m          Defaults: An invalid front-matter default set was found:[0m
[33m{"scope"=>{"path"=>"", "type"=>"posts", "values"=>{"layout"=>"post"}}} [0m
[33m          Defaults: An invalid front-matter default set was found:[0m
[33m{"scope"=>{"path"=>"", "type"=>"posts", "values"=>{"layout"=>"post"}}} [0m
[33m          Defaults: An invalid front-matter default set was found:[0m
[33m{"scope"=>{"path"=>"", "type"=>"posts", "values"=>{"layout"=>"post"}}} [0m
[33m          Defaults: An invalid front-matter default set was found:[0m
[33m{"scope"=>{"path"=>"", "type"=>"posts", "values"=>{"layout"=>"post"}}} [0m
[33m          Defaults: An invalid front-matter default set was found:[0m
[33m{"scope"=>{"path"=>"", "type"=>"posts", "values"=>{"layout"=>"post"}}} [0m
[33m          Defaults: An invalid front-matter default set was found:[0m
[33m{"scope"=>{"path"=>"", "type"=>"posts", "values"=>{"layout"=>"post"}}} [0m
[33m          Defaults: An invalid front-matter default set was found:[0m
[33m{"scope"=>{"path"=>"", "type"=>"posts", "values"=>{"layout"=>"post"}}} [0m
[33m          Defaults: An invalid front-matter default set was found:[0m
[33m{"scope"=>{"path"=>"", "type"=>"posts", "values"=>{"layout"=>"post"}}} [0m
[33m          Defaults: An invalid front-matter default set was found:[0m
[33m{"scope"=>{"path"=>"", "type"=>"posts", "values"=>{"layout"=>"post"}}} [0m
[33m          Defaults: An invalid front-matter default set was found:[0m
[33m{"scope"=>{"path"=>"", "type"=>"posts", "values"=>{"layout"=>"post"}}} [0m
[33m          Defaults: An invalid front-matter default set was found:[0m
[33m{"scope"=>{"path"=>"", "type"=>"posts", "values"=>{"layout"=>"post"}}} [0m
[33m          Defaults: An invalid front-matter default set was found:[0m
[33m{"scope"=>{"path"=>"", "type"=>"posts", "values"=>{"layout"=>"post"}}} [0m
[33m          Defaults: An invalid front-matter default set was found:[0m
[33m{"scope"=>{"path"=>"", "type"=>"posts", "values"=>{"layout"=>"post"}}} [0m
[33m          Defaults: An invalid front-matter default set was found:[0m
[33m{"scope"=>{"path"=>"", "type"=>"posts", "values"=>{"layout"=>"post"}}} [0m
[33m          Defaults: An invalid front-matter default set was found:[0m
[33m{"scope"=>{"path"=>"", "type"=>"posts", "values"=>{"layout"=>"post"}}} [0m
[33m          Defaults: An invalid front-matter default set was found:[0m
[33m{"scope"=>{"path"=>"", "type"=>"posts", "values"=>{"layout"=>"post"}}} [0m
[33m          Defaults: An invalid front-matter default set was found:[0m
[33m{"scope"=>{"path"=>"", "type"=>"posts", "values"=>{"layout"=>"post"}}} [0m
[33m          Defaults: An invalid front-matter default set was found:[0m
[33m{"scope"=>{"path"=>"", "type"=>"posts", "values"=>{"layout"=>"post"}}} [0m
[33m          Defaults: An invalid front-matter default set was found:[0m
[33m{"scope"=>{"path"=>"", "type"=>"posts", "values"=>{"layout"=>"post"}}} [0m
[33m          Defaults: An invalid front-matter default set was found:[0m
[33m{"scope"=>{"path"=>"", "type"=>"posts", "values"=>{"layout"=>"post"}}} [0m
[33m          Defaults: An invalid front-matter default set was found:[0m
[33m{"scope"=>{"path"=>"", "type"=>"posts", "values"=>{"layout"=>"post"}}} [0m
[33m          Defaults: An invalid front-matter default set was found:[0m
[33m{"scope"=>{"path"=>"", "type"=>"posts", "values"=>{"layout"=>"post"}}} [0m
[33m          Defaults: An invalid front-matter default set was found:[0m
[33m{"scope"=>{"path"=>"", "type"=>"posts", "values"=>{"layout"=>"post"}}} [0m
[33m          Defaults: An invalid front-matter default set was found:[0m
[33m{"scope"=>{"path"=>"", "type"=>"posts", "values"=>{"layout"=>"post"}}} [0m
[33m          Defaults: An invalid front-matter default set was found:[0m
[33m{"scope"=>{"path"=>"", "type"=>"posts", "values"=>{"layout"=>"post"}}} [0m
[33m          Defaults: An invalid front-matter default set was found:[0m
[33m{"scope"=>{"path"=>"", "type"=>"posts", "values"=>{"layout"=>"post"}}} [0m
[33m          Defaults: An invalid front-matter default set was found:[0m
[33m{"scope"=>{"path"=>"", "type"=>"posts", "values"=>{"layout"=>"post"}}} [0m
[33m          Defaults: An invalid front-matter default set was found:[0m
[33m{"scope"=>{"path"=>"", "type"=>"posts", "values"=>{"layout"=>"post"}}} [0m
[33m          Defaults: An invalid front-matter default set was found:[0m
[33m{"scope"=>{"path"=>"", "type"=>"posts", "values"=>{"layout"=>"post"}}} [0m
[33m          Defaults: An invalid front-matter default set was found:[0m
[33m{"scope"=>{"path"=>"", "type"=>"posts", "values"=>{"layout"=>"post"}}} [0m
[33m          Defaults: An invalid front-matter default set was found:[0m
[33m{"scope"=>{"path"=>"", "type"=>"posts", "values"=>{"layout"=>"post"}}} [0m
[33m          Defaults: An invalid front-matter default set was found:[0m
[33m{"scope"=>{"path"=>"", "type"=>"posts", "values"=>{"layout"=>"post"}}} [0m
[33m          Defaults: An invalid front-matter default set was found:[0m
[33m{"scope"=>{"path"=>"", "type"=>"posts", "values"=>{"layout"=>"post"}}} [0m
[33m          Defaults: An invalid front-matter default set was found:[0m
[33m{"scope"=>{"path"=>"", "type"=>"posts", "values"=>{"layout"=>"post"}}} [0m
[33m          Defaults: An invalid front-matter default set was found:[0m
[33m{"scope"=>{"path"=>"", "type"=>"posts", "values"=>{"layout"=>"post"}}} [0m
[33m          Defaults: An invalid front-matter default set was found:[0m
[33m{"scope"=>{"path"=>"", "type"=>"posts", "values"=>{"layout"=>"post"}}} [0m
[33m          Defaults: An invalid front-matter default set was found:[0m
[33m{"scope"=>{"path"=>"", "type"=>"posts", "values"=>{"layout"=>"post"}}} [0m
[33m          Defaults: An invalid front-matter default set was found:[0m
[33m{"scope"=>{"path"=>"", "type"=>"posts", "values"=>{"layout"=>"post"}}} [0m
[33m          Defaults: An invalid front-matter default set was found:[0m
[33m{"scope"=>{"path"=>"", "type"=>"posts", "values"=>{"layout"=>"post"}}} [0m
[33m          Defaults: An invalid front-matter default set was found:[0m
[33m{"scope"=>{"path"=>"", "type"=>"posts", "values"=>{"layout"=>"post"}}} [0m
[33m          Defaults: An invalid front-matter default set was found:[0m
[33m{"scope"=>{"path"=>"", "type"=>"posts", "values"=>{"layout"=>"post"}}} [0m
[33m          Defaults: An invalid front-matter default set was found:[0m
[33m{"scope"=>{"path"=>"", "type"=>"posts", "values"=>{"layout"=>"post"}}} [0m
[33m          Defaults: An invalid front-matter default set was found:[0m
[33m{"scope"=>{"path"=>"", "type"=>"posts", "values"=>{"layout"=>"post"}}} [0m
[33m          Defaults: An invalid front-matter default set was found:[0m
[33m{"scope"=>{"path"=>"", "type"=>"posts", "values"=>{"layout"=>"post"}}} [0m
[33m          Defaults: An invalid front-matter default set was found:[0m
[33m{"scope"=>{"path"=>"", "type"=>"posts", "values"=>{"layout"=>"post"}}} [0m
[33m          Defaults: An invalid front-matter default set was found:[0m
[33m{"scope"=>{"path"=>"", "type"=>"posts", "values"=>{"layout"=>"post"}}} [0m
[33m          Defaults: An invalid front-matter default set was found:[0m
[33m{"scope"=>{"path"=>"", "type"=>"posts", "values"=>{"layout"=>"post"}}} [0m
[33m          Defaults: An invalid front-matter default set was found:[0m
[33m{"scope"=>{"path"=>"", "type"=>"posts", "values"=>{"layout"=>"post"}}} [0m
[33m          Defaults: An invalid front-matter default set was found:[0m
[33m{"scope"=>{"path"=>"", "type"=>"posts", "values"=>{"layout"=>"post"}}} [0m
[33m          Defaults: An invalid front-matter default set was found:[0m
[33m{"scope"=>{"path"=>"", "type"=>"posts", "values"=>{"layout"=>"post"}}} [0m
[33m          Defaults: An invalid front-matter default set was found:[0m
[33m{"scope"=>{"path"=>"", "type"=>"posts", "values"=>{"layout"=>"post"}}} [0m
[33m          Defaults: An invalid front-matter default set was found:[0m
[33m{"scope"=>{"path"=>"", "type"=>"posts", "values"=>{"layout"=>"post"}}} [0m
[33m          Defaults: An invalid front-matter default set was found:[0m
[33m{"scope"=>{"path"=>"", "type"=>"posts", "values"=>{"layout"=>"post"}}} [0m
[33m          Defaults: An invalid front-matter default set was found:[0m
[33m{"scope"=>{"path"=>"", "type"=>"posts", "values"=>{"layout"=>"post"}}} [0m
[33m          Defaults: An invalid front-matter default set was found:[0m
[33m{"scope"=>{"path"=>"", "type"=>"posts", "values"=>{"layout"=>"post"}}} [0m
[33m          Defaults: An invalid front-matter default set was found:[0m
[33m{"scope"=>{"path"=>"", "type"=>"posts", "values"=>{"layout"=>"post"}}} [0m
[33m          Defaults: An invalid front-matter default set was found:[0m
[33m{"scope"=>{"path"=>"", "type"=>"posts", "values"=>{"layout"=>"post"}}} [0m
[33m          Defaults: An invalid front-matter default set was found:[0m
[33m{"scope"=>{"path"=>"", "type"=>"posts", "values"=>{"layout"=>"post"}}} [0m
[33m          Defaults: An invalid front-matter default set was found:[0m
[33m{"scope"=>{"path"=>"", "type"=>"posts", "values"=>{"layout"=>"post"}}} [0m
[33m          Defaults: An invalid front-matter default set was found:[0m
[33m{"scope"=>{"path"=>"", "type"=>"posts", "values"=>{"layout"=>"post"}}} [0m
[33m          Defaults: An invalid front-matter default set was found:[0m
[33m{"scope"=>{"path"=>"", "type"=>"posts", "values"=>{"layout"=>"post"}}} [0m
[33m          Defaults: An invalid front-matter default set was found:[0m
[33m{"scope"=>{"path"=>"", "type"=>"posts", "values"=>{"layout"=>"post"}}} [0m
[33m          Defaults: An invalid front-matter default set was found:[0m
[33m{"scope"=>{"path"=>"", "type"=>"posts", "values"=>{"layout"=>"post"}}} [0m
[33m          Defaults: An invalid front-matter default set was found:[0m
[33m{"scope"=>{"path"=>"", "type"=>"posts", "values"=>{"layout"=>"post"}}} [0m
[33m          Defaults: An invalid front-matter default set was found:[0m
[33m{"scope"=>{"path"=>"", "type"=>"posts", "values"=>{"layout"=>"post"}}} [0m
[33m          Defaults: An invalid front-matter default set was found:[0m
[33m{"scope"=>{"path"=>"", "type"=>"posts", "values"=>{"layout"=>"post"}}} [0m
[33m          Defaults: An invalid front-matter default set was found:[0m
[33m{"scope"=>{"path"=>"", "type"=>"posts", "values"=>{"layout"=>"post"}}} [0m
[33m          Defaults: An invalid front-matter default set was found:[0m
[33m{"scope"=>{"path"=>"", "type"=>"posts", "values"=>{"layout"=>"post"}}} [0m
                    done in 0.246 seconds.
 Auto-regeneration: enabled for '/Users/wangpengcheng/temp/my_jekyll_site'
Configuration file: /Users/wangpengcheng/temp/my_jekyll_site/_config.yml
    Server address: http://127.0.0.1:4000/
  Server running... press ctrl-c to stop.
[2016-08-02 16:43:10] ERROR `/post' not found.
[2016-08-02 16:43:23] ERROR `/_post' not found.
      Regenerating: 1 file(s) changed at 2016-08-02 16:44:08 [33m          Defaults: An invalid front-matter default set was found:[0m
[33m{"scope"=>{"path"=>"", "type"=>"posts", "values"=>{"layout"=>"post"}}} [0m
[33m          Defaults: An invalid front-matter default set was found:[0m
[33m{"scope"=>{"path"=>"", "type"=>"posts", "values"=>{"layout"=>"post"}}} [0m
[33m          Defaults: An invalid front-matter default set was found:[0m
[33m{"scope"=>{"path"=>"", "type"=>"posts", "values"=>{"layout"=>"post"}}} [0m
[33m          Defaults: An invalid front-matter default set was found:[0m
[33m{"scope"=>{"path"=>"", "type"=>"posts", "values"=>{"layout"=>"post"}}} [0m
[33m          Defaults: An invalid front-matter default set was found:[0m
[33m{"scope"=>{"path"=>"", "type"=>"posts", "values"=>{"layout"=>"post"}}} [0m
[33m          Defaults: An invalid front-matter default set was found:[0m
[33m{"scope"=>{"path"=>"", "type"=>"posts", "values"=>{"layout"=>"post"}}} [0m
[33m          Defaults: An invalid front-matter default set was found:[0m
[33m{"scope"=>{"path"=>"", "type"=>"posts", "values"=>{"layout"=>"post"}}} [0m
[33m          Defaults: An invalid front-matter default set was found:[0m
[33m{"scope"=>{"path"=>"", "type"=>"posts", "values"=>{"layout"=>"post"}}} [0m
[33m          Defaults: An invalid front-matter default set was found:[0m
[33m{"scope"=>{"path"=>"", "type"=>"posts", "values"=>{"layout"=>"post"}}} [0m
[33m          Defaults: An invalid front-matter default set was found:[0m
[33m{"scope"=>{"path"=>"", "type"=>"posts", "values"=>{"layout"=>"post"}}} [0m
[33m          Defaults: An invalid front-matter default set was found:[0m
[33m{"scope"=>{"path"=>"", "type"=>"posts", "values"=>{"layout"=>"post"}}} [0m
[33m          Defaults: An invalid front-matter default set was found:[0m
[33m{"scope"=>{"path"=>"", "type"=>"posts", "values"=>{"layout"=>"post"}}} [0m
[33m          Defaults: An invalid front-matter default set was found:[0m
[33m{"scope"=>{"path"=>"", "type"=>"posts", "values"=>{"layout"=>"post"}}} [0m
[33m          Defaults: An invalid front-matter default set was found:[0m
[33m{"scope"=>{"path"=>"", "type"=>"posts", "values"=>{"layout"=>"post"}}} [0m
[33m          Defaults: An invalid front-matter default set was found:[0m
[33m{"scope"=>{"path"=>"", "type"=>"posts", "values"=>{"layout"=>"post"}}} [0m
[33m          Defaults: An invalid front-matter default set was found:[0m
[33m{"scope"=>{"path"=>"", "type"=>"posts", "values"=>{"layout"=>"post"}}} [0m
[33m          Defaults: An invalid front-matter default set was found:[0m
[33m{"scope"=>{"path"=>"", "type"=>"posts", "values"=>{"layout"=>"post"}}} [0m
[33m          Defaults: An invalid front-matter default set was found:[0m
[33m{"scope"=>{"path"=>"", "type"=>"posts", "values"=>{"layout"=>"post"}}} [0m
[33m          Defaults: An invalid front-matter default set was found:[0m
[33m{"scope"=>{"path"=>"", "type"=>"posts", "values"=>{"layout"=>"post"}}} [0m
[33m          Defaults: An invalid front-matter default set was found:[0m
[33m{"scope"=>{"path"=>"", "type"=>"posts", "values"=>{"layout"=>"post"}}} [0m
[33m          Defaults: An invalid front-matter default set was found:[0m
[33m{"scope"=>{"path"=>"", "type"=>"posts", "values"=>{"layout"=>"post"}}} [0m
[33m          Defaults: An invalid front-matter default set was found:[0m
[33m{"scope"=>{"path"=>"", "type"=>"posts", "values"=>{"layout"=>"post"}}} [0m
[33m          Defaults: An invalid front-matter default set was found:[0m
[33m{"scope"=>{"path"=>"", "type"=>"posts", "values"=>{"layout"=>"post"}}} [0m
[33m          Defaults: An invalid front-matter default set was found:[0m
[33m{"scope"=>{"path"=>"", "type"=>"posts", "values"=>{"layout"=>"post"}}} [0m
[33m          Defaults: An invalid front-matter default set was found:[0m
[33m{"scope"=>{"path"=>"", "type"=>"posts", "values"=>{"layout"=>"post"}}} [0m
[33m          Defaults: An invalid front-matter default set was found:[0m
[33m{"scope"=>{"path"=>"", "type"=>"posts", "values"=>{"layout"=>"post"}}} [0m
[33m          Defaults: An invalid front-matter default set was found:[0m
[33m{"scope"=>{"path"=>"", "type"=>"posts", "values"=>{"layout"=>"post"}}} [0m
[33m          Defaults: An invalid front-matter default set was found:[0m
[33m{"scope"=>{"path"=>"", "type"=>"posts", "values"=>{"layout"=>"post"}}} [0m
[33m          Defaults: An invalid front-matter default set was found:[0m
[33m{"scope"=>{"path"=>"", "type"=>"posts", "values"=>{"layout"=>"post"}}} [0m
[33m          Defaults: An invalid front-matter default set was found:[0m
[33m{"scope"=>{"path"=>"", "type"=>"posts", "values"=>{"layout"=>"post"}}} [0m
[33m          Defaults: An invalid front-matter default set was found:[0m
[33m{"scope"=>{"path"=>"", "type"=>"posts", "values"=>{"layout"=>"post"}}} [0m
[33m          Defaults: An invalid front-matter default set was found:[0m
[33m{"scope"=>{"path"=>"", "type"=>"posts", "values"=>{"layout"=>"post"}}} [0m
[33m          Defaults: An invalid front-matter default set was found:[0m
[33m{"scope"=>{"path"=>"", "type"=>"posts", "values"=>{"layout"=>"post"}}} [0m
[33m          Defaults: An invalid front-matter default set was found:[0m
[33m{"scope"=>{"path"=>"", "type"=>"posts", "values"=>{"layout"=>"post"}}} [0m
[33m          Defaults: An invalid front-matter default set was found:[0m
[33m{"scope"=>{"path"=>"", "type"=>"posts", "values"=>{"layout"=>"post"}}} [0m
[33m          Defaults: An invalid front-matter default set was found:[0m
[33m{"scope"=>{"path"=>"", "type"=>"posts", "values"=>{"layout"=>"post"}}} [0m
[33m          Defaults: An invalid front-matter default set was found:[0m
[33m{"scope"=>{"path"=>"", "type"=>"posts", "values"=>{"layout"=>"post"}}} [0m
[33m          Defaults: An invalid front-matter default set was found:[0m
[33m{"scope"=>{"path"=>"", "type"=>"posts", "values"=>{"layout"=>"post"}}} [0m
[33m          Defaults: An invalid front-matter default set was found:[0m
[33m{"scope"=>{"path"=>"", "type"=>"posts", "values"=>{"layout"=>"post"}}} [0m
[33m          Defaults: An invalid front-matter default set was found:[0m
[33m{"scope"=>{"path"=>"", "type"=>"posts", "values"=>{"layout"=>"post"}}} [0m
[33m          Defaults: An invalid front-matter default set was found:[0m
[33m{"scope"=>{"path"=>"", "type"=>"posts", "values"=>{"layout"=>"post"}}} [0m
[33m          Defaults: An invalid front-matter default set was found:[0m
[33m{"scope"=>{"path"=>"", "type"=>"posts", "values"=>{"layout"=>"post"}}} [0m
[33m          Defaults: An invalid front-matter default set was found:[0m
[33m{"scope"=>{"path"=>"", "type"=>"posts", "values"=>{"layout"=>"post"}}} [0m
[33m          Defaults: An invalid front-matter default set was found:[0m
[33m{"scope"=>{"path"=>"", "type"=>"posts", "values"=>{"layout"=>"post"}}} [0m
[33m          Defaults: An invalid front-matter default set was found:[0m
[33m{"scope"=>{"path"=>"", "type"=>"posts", "values"=>{"layout"=>"post"}}} [0m
[33m          Defaults: An invalid front-matter default set was found:[0m
[33m{"scope"=>{"path"=>"", "type"=>"posts", "values"=>{"layout"=>"post"}}} [0m
[33m          Defaults: An invalid front-matter default set was found:[0m
[33m{"scope"=>{"path"=>"", "type"=>"posts", "values"=>{"layout"=>"post"}}} [0m
[33m          Defaults: An invalid front-matter default set was found:[0m
[33m{"scope"=>{"path"=>"", "type"=>"posts", "values"=>{"layout"=>"post"}}} [0m
[33m          Defaults: An invalid front-matter default set was found:[0m
[33m{"scope"=>{"path"=>"", "type"=>"posts", "values"=>{"layout"=>"post"}}} [0m
[33m          Defaults: An invalid front-matter default set was found:[0m
[33m{"scope"=>{"path"=>"", "type"=>"posts", "values"=>{"layout"=>"post"}}} [0m
[33m          Defaults: An invalid front-matter default set was found:[0m
[33m{"scope"=>{"path"=>"", "type"=>"posts", "values"=>{"layout"=>"post"}}} [0m
[33m          Defaults: An invalid front-matter default set was found:[0m
[33m{"scope"=>{"path"=>"", "type"=>"posts", "values"=>{"layout"=>"post"}}} [0m
[33m          Defaults: An invalid front-matter default set was found:[0m
[33m{"scope"=>{"path"=>"", "type"=>"posts", "values"=>{"layout"=>"post"}}} [0m
[33m          Defaults: An invalid front-matter default set was found:[0m
[33m{"scope"=>{"path"=>"", "type"=>"posts", "values"=>{"layout"=>"post"}}} [0m
[33m          Defaults: An invalid front-matter default set was found:[0m
[33m{"scope"=>{"path"=>"", "type"=>"posts", "values"=>{"layout"=>"post"}}} [0m
[33m          Defaults: An invalid front-matter default set was found:[0m
[33m{"scope"=>{"path"=>"", "type"=>"posts", "values"=>{"layout"=>"post"}}} [0m
[33m          Defaults: An invalid front-matter default set was found:[0m
[33m{"scope"=>{"path"=>"", "type"=>"posts", "values"=>{"layout"=>"post"}}} [0m
[33m          Defaults: An invalid front-matter default set was found:[0m
[33m{"scope"=>{"path"=>"", "type"=>"posts", "values"=>{"layout"=>"post"}}} [0m
[33m          Defaults: An invalid front-matter default set was found:[0m
[33m{"scope"=>{"path"=>"", "type"=>"posts", "values"=>{"layout"=>"post"}}} [0m
[33m          Defaults: An invalid front-matter default set was found:[0m
[33m{"scope"=>{"path"=>"", "type"=>"posts", "values"=>{"layout"=>"post"}}} [0m
[33m          Defaults: An invalid front-matter default set was found:[0m
[33m{"scope"=>{"path"=>"", "type"=>"posts", "values"=>{"layout"=>"post"}}} [0m
[33m          Defaults: An invalid front-matter default set was found:[0m
[33m{"scope"=>{"path"=>"", "type"=>"posts", "values"=>{"layout"=>"post"}}} [0m
[33m          Defaults: An invalid front-matter default set was found:[0m
[33m{"scope"=>{"path"=>"", "type"=>"posts", "values"=>{"layout"=>"post"}}} [0m
[33m          Defaults: An invalid front-matter default set was found:[0m
[33m{"scope"=>{"path"=>"", "type"=>"posts", "values"=>{"layout"=>"post"}}} [0m
[33m          Defaults: An invalid front-matter default set was found:[0m
[33m{"scope"=>{"path"=>"", "type"=>"posts", "values"=>{"layout"=>"post"}}} [0m
[33m          Defaults: An invalid front-matter default set was found:[0m
[33m{"scope"=>{"path"=>"", "type"=>"posts", "values"=>{"layout"=>"post"}}} [0m
[33m          Defaults: An invalid front-matter default set was found:[0m
[33m{"scope"=>{"path"=>"", "type"=>"posts", "values"=>{"layout"=>"post"}}} [0m
[33m          Defaults: An invalid front-matter default set was found:[0m
[33m{"scope"=>{"path"=>"", "type"=>"posts", "values"=>{"layout"=>"post"}}} [0m
[33m          Defaults: An invalid front-matter default set was found:[0m
[33m{"scope"=>{"path"=>"", "type"=>"posts", "values"=>{"layout"=>"post"}}} [0m
[33m          Defaults: An invalid front-matter default set was found:[0m
[33m{"scope"=>{"path"=>"", "type"=>"posts", "values"=>{"layout"=>"post"}}} [0m
[33m          Defaults: An invalid front-matter default set was found:[0m
[33m{"scope"=>{"path"=>"", "type"=>"posts", "values"=>{"layout"=>"post"}}} [0m
[33m          Defaults: An invalid front-matter default set was found:[0m
[33m{"scope"=>{"path"=>"", "type"=>"posts", "values"=>{"layout"=>"post"}}} [0m
[33m          Defaults: An invalid front-matter default set was found:[0m
[33m{"scope"=>{"path"=>"", "type"=>"posts", "values"=>{"layout"=>"post"}}} [0m
[33m          Defaults: An invalid front-matter default set was found:[0m
[33m{"scope"=>{"path"=>"", "type"=>"posts", "values"=>{"layout"=>"post"}}} [0m
[33m          Defaults: An invalid front-matter default set was found:[0m
[33m{"scope"=>{"path"=>"", "type"=>"posts", "values"=>{"layout"=>"post"}}} [0m
[33m          Defaults: An invalid front-matter default set was found:[0m
[33m{"scope"=>{"path"=>"", "type"=>"posts", "values"=>{"layout"=>"post"}}} [0m
[33m          Defaults: An invalid front-matter default set was found:[0m
[33m{"scope"=>{"path"=>"", "type"=>"posts", "values"=>{"layout"=>"post"}}} [0m
[33m          Defaults: An invalid front-matter default set was found:[0m
[33m{"scope"=>{"path"=>"", "type"=>"posts", "values"=>{"layout"=>"post"}}} [0m
[33m          Defaults: An invalid front-matter default set was found:[0m
[33m{"scope"=>{"path"=>"", "type"=>"posts", "values"=>{"layout"=>"post"}}} [0m
[33m          Defaults: An invalid front-matter default set was found:[0m
[33m{"scope"=>{"path"=>"", "type"=>"posts", "values"=>{"layout"=>"post"}}} [0m
[33m          Defaults: An invalid front-matter default set was found:[0m
[33m{"scope"=>{"path"=>"", "type"=>"posts", "values"=>{"layout"=>"post"}}} [0m
[33m          Defaults: An invalid front-matter default set was found:[0m
[33m{"scope"=>{"path"=>"", "type"=>"posts", "values"=>{"layout"=>"post"}}} [0m
[33m          Defaults: An invalid front-matter default set was found:[0m
[33m{"scope"=>{"path"=>"", "type"=>"posts", "values"=>{"layout"=>"post"}}} [0m
[33m          Defaults: An invalid front-matter default set was found:[0m
[33m{"scope"=>{"path"=>"", "type"=>"posts", "values"=>{"layout"=>"post"}}} [0m
[33m          Defaults: An invalid front-matter default set was found:[0m
[33m{"scope"=>{"path"=>"", "type"=>"posts", "values"=>{"layout"=>"post"}}} [0m
[33m          Defaults: An invalid front-matter default set was found:[0m
[33m{"scope"=>{"path"=>"", "type"=>"posts", "values"=>{"layout"=>"post"}}} [0m
[33m          Defaults: An invalid front-matter default set was found:[0m
[33m{"scope"=>{"path"=>"", "type"=>"posts", "values"=>{"layout"=>"post"}}} [0m
[33m          Defaults: An invalid front-matter default set was found:[0m
[33m{"scope"=>{"path"=>"", "type"=>"posts", "values"=>{"layout"=>"post"}}} [0m
[33m          Defaults: An invalid front-matter default set was found:[0m
[33m{"scope"=>{"path"=>"", "type"=>"posts", "values"=>{"layout"=>"post"}}} [0m
[33m          Defaults: An invalid front-matter default set was found:[0m
[33m{"scope"=>{"path"=>"", "type"=>"posts", "values"=>{"layout"=>"post"}}} [0m
[33m          Defaults: An invalid front-matter default set was found:[0m
[33m{"scope"=>{"path"=>"", "type"=>"posts", "values"=>{"layout"=>"post"}}} [0m
[33m          Defaults: An invalid front-matter default set was found:[0m
[33m{"scope"=>{"path"=>"", "type"=>"posts", "values"=>{"layout"=>"post"}}} [0m
[33m          Defaults: An invalid front-matter default set was found:[0m
[33m{"scope"=>{"path"=>"", "type"=>"posts", "values"=>{"layout"=>"post"}}} [0m
[33m          Defaults: An invalid front-matter default set was found:[0m
[33m{"scope"=>{"path"=>"", "type"=>"posts", "values"=>{"layout"=>"post"}}} [0m
[33m          Defaults: An invalid front-matter default set was found:[0m
[33m{"scope"=>{"path"=>"", "type"=>"posts", "values"=>{"layout"=>"post"}}} [0m
[33m          Defaults: An invalid front-matter default set was found:[0m
[33m{"scope"=>{"path"=>"", "type"=>"posts", "values"=>{"layout"=>"post"}}} [0m
[33m          Defaults: An invalid front-matter default set was found:[0m
[33m{"scope"=>{"path"=>"", "type"=>"posts", "values"=>{"layout"=>"post"}}} [0m
[33m          Defaults: An invalid front-matter default set was found:[0m
[33m{"scope"=>{"path"=>"", "type"=>"posts", "values"=>{"layout"=>"post"}}} [0m
[33m          Defaults: An invalid front-matter default set was found:[0m
[33m{"scope"=>{"path"=>"", "type"=>"posts", "values"=>{"layout"=>"post"}}} [0m
[33m          Defaults: An invalid front-matter default set was found:[0m
[33m{"scope"=>{"path"=>"", "type"=>"posts", "values"=>{"layout"=>"post"}}} [0m
[33m          Defaults: An invalid front-matter default set was found:[0m
[33m{"scope"=>{"path"=>"", "type"=>"posts", "values"=>{"layout"=>"post"}}} [0m
[33m          Defaults: An invalid front-matter default set was found:[0m
[33m{"scope"=>{"path"=>"", "type"=>"posts", "values"=>{"layout"=>"post"}}} [0m
[33m          Defaults: An invalid front-matter default set was found:[0m
[33m{"scope"=>{"path"=>"", "type"=>"posts", "values"=>{"layout"=>"post"}}} [0m
[33m          Defaults: An invalid front-matter default set was found:[0m
[33m{"scope"=>{"path"=>"", "type"=>"posts", "values"=>{"layout"=>"post"}}} [0m
[33m          Defaults: An invalid front-matter default set was found:[0m
[33m{"scope"=>{"path"=>"", "type"=>"posts", "values"=>{"layout"=>"post"}}} [0m
[33m          Defaults: An invalid front-matter default set was found:[0m
[33m{"scope"=>{"path"=>"", "type"=>"posts", "values"=>{"layout"=>"post"}}} [0m
[33m          Defaults: An invalid front-matter default set was found:[0m
[33m{"scope"=>{"path"=>"", "type"=>"posts", "values"=>{"layout"=>"post"}}} [0m
[33m          Defaults: An invalid front-matter default set was found:[0m
[33m{"scope"=>{"path"=>"", "type"=>"posts", "values"=>{"layout"=>"post"}}} [0m
[33m          Defaults: An invalid front-matter default set was found:[0m
[33m{"scope"=>{"path"=>"", "type"=>"posts", "values"=>{"layout"=>"post"}}} [0m
[33m          Defaults: An invalid front-matter default set was found:[0m
[33m{"scope"=>{"path"=>"", "type"=>"posts", "values"=>{"layout"=>"post"}}} [0m
[33m          Defaults: An invalid front-matter default set was found:[0m
[33m{"scope"=>{"path"=>"", "type"=>"posts", "values"=>{"layout"=>"post"}}} [0m
[33m          Defaults: An invalid front-matter default set was found:[0m
[33m{"scope"=>{"path"=>"", "type"=>"posts", "values"=>{"layout"=>"post"}}} [0m
[33m          Defaults: An invalid front-matter default set was found:[0m
[33m{"scope"=>{"path"=>"", "type"=>"posts", "values"=>{"layout"=>"post"}}} [0m
[33m          Defaults: An invalid front-matter default set was found:[0m
[33m{"scope"=>{"path"=>"", "type"=>"posts", "values"=>{"layout"=>"post"}}} [0m
[33m          Defaults: An invalid front-matter default set was found:[0m
[33m{"scope"=>{"path"=>"", "type"=>"posts", "values"=>{"layout"=>"post"}}} [0m
[33m          Defaults: An invalid front-matter default set was found:[0m
[33m{"scope"=>{"path"=>"", "type"=>"posts", "values"=>{"layout"=>"post"}}} [0m
[33m          Defaults: An invalid front-matter default set was found:[0m
[33m{"scope"=>{"path"=>"", "type"=>"posts", "values"=>{"layout"=>"post"}}} [0m
[33m          Defaults: An invalid front-matter default set was found:[0m
[33m{"scope"=>{"path"=>"", "type"=>"posts", "values"=>{"layout"=>"post"}}} [0m
[33m          Defaults: An invalid front-matter default set was found:[0m
[33m{"scope"=>{"path"=>"", "type"=>"posts", "values"=>{"layout"=>"post"}}} [0m
[33m          Defaults: An invalid front-matter default set was found:[0m
[33m{"scope"=>{"path"=>"", "type"=>"posts", "values"=>{"layout"=>"post"}}} [0m
[33m          Defaults: An invalid front-matter default set was found:[0m
[33m{"scope"=>{"path"=>"", "type"=>"posts", "values"=>{"layout"=>"post"}}} [0m
[33m          Defaults: An invalid front-matter default set was found:[0m
[33m{"scope"=>{"path"=>"", "type"=>"posts", "values"=>{"layout"=>"post"}}} [0m
[33m          Defaults: An invalid front-matter default set was found:[0m
[33m{"scope"=>{"path"=>"", "type"=>"posts", "values"=>{"layout"=>"post"}}} [0m
[33m          Defaults: An invalid front-matter default set was found:[0m
[33m{"scope"=>{"path"=>"", "type"=>"posts", "values"=>{"layout"=>"post"}}} [0m
[33m          Defaults: An invalid front-matter default set was found:[0m
[33m{"scope"=>{"path"=>"", "type"=>"posts", "values"=>{"layout"=>"post"}}} [0m
[33m          Defaults: An invalid front-matter default set was found:[0m
[33m{"scope"=>{"path"=>"", "type"=>"posts", "values"=>{"layout"=>"post"}}} [0m
[33m          Defaults: An invalid front-matter default set was found:[0m
[33m{"scope"=>{"path"=>"", "type"=>"posts", "values"=>{"layout"=>"post"}}} [0m
[33m          Defaults: An invalid front-matter default set was found:[0m
[33m{"scope"=>{"path"=>"", "type"=>"posts", "values"=>{"layout"=>"post"}}} [0m
[33m          Defaults: An invalid front-matter default set was found:[0m
[33m{"scope"=>{"path"=>"", "type"=>"posts", "values"=>{"layout"=>"post"}}} [0m
[33m          Defaults: An invalid front-matter default set was found:[0m
[33m{"scope"=>{"path"=>"", "type"=>"posts", "values"=>{"layout"=>"post"}}} [0m
[33m          Defaults: An invalid front-matter default set was found:[0m
[33m{"scope"=>{"path"=>"", "type"=>"posts", "values"=>{"layout"=>"post"}}} [0m
[33m          Defaults: An invalid front-matter default set was found:[0m
[33m{"scope"=>{"path"=>"", "type"=>"posts", "values"=>{"layout"=>"post"}}} [0m
[33m          Defaults: An invalid front-matter default set was found:[0m
[33m{"scope"=>{"path"=>"", "type"=>"posts", "values"=>{"layout"=>"post"}}} [0m
[33m          Defaults: An invalid front-matter default set was found:[0m
[33m{"scope"=>{"path"=>"", "type"=>"posts", "values"=>{"layout"=>"post"}}} [0m
[33m          Defaults: An invalid front-matter default set was found:[0m
[33m{"scope"=>{"path"=>"", "type"=>"posts", "values"=>{"layout"=>"post"}}} [0m
[33m          Defaults: An invalid front-matter default set was found:[0m
[33m{"scope"=>{"path"=>"", "type"=>"posts", "values"=>{"layout"=>"post"}}} [0m
[33m          Defaults: An invalid front-matter default set was found:[0m
[33m{"scope"=>{"path"=>"", "type"=>"posts", "values"=>{"layout"=>"post"}}} [0m
[33m          Defaults: An invalid front-matter default set was found:[0m
[33m{"scope"=>{"path"=>"", "type"=>"posts", "values"=>{"layout"=>"post"}}} [0m
[33m          Defaults: An invalid front-matter default set was found:[0m
[33m{"scope"=>{"path"=>"", "type"=>"posts", "values"=>{"layout"=>"post"}}} [0m
[33m          Defaults: An invalid front-matter default set was found:[0m
[33m{"scope"=>{"path"=>"", "type"=>"posts", "values"=>{"layout"=>"post"}}} [0m
[33m          Defaults: An invalid front-matter default set was found:[0m
[33m{"scope"=>{"path"=>"", "type"=>"posts", "values"=>{"layout"=>"post"}}} [0m
[33m          Defaults: An invalid front-matter default set was found:[0m
[33m{"scope"=>{"path"=>"", "type"=>"posts", "values"=>{"layout"=>"post"}}} [0m
[33m          Defaults: An invalid front-matter default set was found:[0m
[33m{"scope"=>{"path"=>"", "type"=>"posts", "values"=>{"layout"=>"post"}}} [0m
